<?xml version="1.0" encoding="UTF-8"?>
<testsuite xmlns:xsi="http://www.w3.org/2001/XMLSchema-instance" xsi:noNamespaceSchemaLocation="https://maven.apache.org/surefire/maven-surefire-plugin/xsd/surefire-test-report-3.0.xsd" version="3.0" name="com.ctf.service.ContestServiceTest" time="14.589" tests="5" errors="0" skipped="0" failures="0">
  <properties>
[...]
</properties>
  <testcase name="whenQuestionNotFound_shouldReturnFalse" classname="com.ctf.service.ContestServiceTest" time="14.13">
    <system-out><![CDATA[05:50:35.091 [main] INFO com.ctf.service.ContestService -- Submitting answer: userId=1, questionId=100
05:50:35.213 [main] WARN com.ctf.service.ContestService -- Question not found: questionId=100
]]></system-out>
  </testcase>
  <testcase name="whenUserNotFound_shouldReturnFalse" classname="com.ctf.service.ContestServiceTest" time="0.023">
    <system-out><![CDATA[05:50:35.548 [main] INFO com.ctf.service.ContestService -- Submitting answer: userId=1, questionId=100
05:50:35.549 [main] WARN com.ctf.service.ContestService -- Contest user not found: userId=1
]]></system-out>
  </testcase>
  <testcase name="submitCorrectAnswerAgainAfterAlreadyCorrect_shouldNotDuplicateScore" classname="com.ctf.service.ContestServiceTest" time="0.069">
    <system-out><![CDATA[05:50:35.574 [main] INFO com.ctf.service.ContestService -- Submitting answer: userId=1, questionId=100
05:50:35.576 [main] INFO com.ctf.service.ContestService -- Answer submitted: userId=1, questionId=100, correct=true
]]></system-out>
  </testcase>
  <testcase name="submitWrongAnswerFirstTime_shouldNotChangeScore" classname="com.ctf.service.ContestServiceTest" time="0.028">
    <system-out><![CDATA[05:50:35.649 [main] INFO com.ctf.service.ContestService -- Submitting answer: userId=1, questionId=100
05:50:35.650 [main] INFO com.ctf.service.ContestService -- Answer submitted: userId=1, questionId=100, correct=false
]]></system-out>
  </testcase>
  <testcase name="submitCorrectAnswerFirstTime_shouldIncreaseScore" classname="com.ctf.service.ContestServiceTest" time="0.019">
    <system-out><![CDATA[05:50:35.691 [main] INFO com.ctf.service.ContestService -- Submitting answer: userId=1, questionId=100
05:50:35.693 [main] INFO com.ctf.service.ContestService -- Answer submitted: userId=1, questionId=100, correct=true
]]></system-out>
  </testcase>
</testsuite>